[sheepybot.com/index.html]
[backblue.gif]
[fade.gif]
[index.html]
[use.fontawesome.com/releases/v5.0.2/css/all.css]
[cdnjs.cloudflare.com/ajax/libs/bulma/0.6.0/css/bulma.min.css]
[cdn.rawgit.com/michalsnik/aos/2.1.1/dist/aos.css]
[sheepybot.com/css/home/style.css]
[pagead2.googlesyndication.com/pagead/js/f.txt]
[sheepybot.com/commands.html]
[sheepybot.com/img/logo.png]
[sheepybot.com/img/discord-logo.png]
[code.jquery.com/jquery-2.2.4.min.js]
[cdnjs.cloudflare.com/ajax/libs/waypoints/2.0.5/waypoints.min.js]
[sheepybot.com/js/home/countUp.js]
[sheepybot.com/index.html]
[use.fontawesome.com/releases/v5.0.2/css/all.css]
[cdnjs.cloudflare.com/ajax/libs/bulma/0.6.0/css/bulma.min.css]
[cdn.rawgit.com/michalsnik/aos/2.1.1/dist/aos.css]
[sheepybot.com/css/home/style.css]
[cdn.rawgit.com/michalsnik/aos/2.1.1/dist/aos.js]
[sheepybot.com/js/bulma.js]
[sheepybot.com/commands.html]
